======================================================================
Question: SSH 접속이 가능한 장비 목록을 알려주세요.
Final Answer: 서버, 네트워크 스위치, 라우터, 방화벽, IoT 장치, NAS 장치, 클라우드 인스턴스
======================================================================

======================================================================
Question: SSH 접속이 불가능한 장비는 총 몇 대입니까?
Final Answer: 0
======================================================================

======================================================================
Question: sample10 장비와 iBGP로 연결된 피어들의 IP 주소 목록을 알려주세요.
Final Answer: 죄송하지만, 특정 장비인 sample10의 iBGP 피어 IP 주소 목록을 제공할 수 없습니다.
======================================================================

======================================================================
Question: sample7 장비와 iBGP로 연결된 피어들의 IP 주소 목록을 알려주세요.
Final Answer: 죄송하지만, 특정 장비의 iBGP 피어 IP 주소 목록을 제공할 수 없습니다.
======================================================================

======================================================================
Question: sample8 장비와 iBGP로 연결된 피어들의 IP 주소 목록을 알려주세요.
Final Answer: 죄송하지만, 특정 장비인 sample8과 연결된 iBGP 피어들의 IP 주소 목록을 제공할 수 없습니다.
======================================================================

======================================================================
Question: sample9 장비와 iBGP로 연결된 피어들의 IP 주소 목록을 알려주세요.
Final Answer: 죄송하지만, 특정 장비(sample9)와 연결된 iBGP 피어들의 IP 주소 목록을 제공할 수 없습니다.
======================================================================

======================================================================
Question: CE1 장비와 eBGP로 연결된 피어들의 IP 주소 목록을 알려주세요.
Final Answer: 정보를 제공할 수 없습니다.
======================================================================

======================================================================
Question: CE2 장비와 eBGP로 연결된 피어들의 IP 주소 목록을 알려주세요.
Final Answer: 정보 없음
======================================================================

======================================================================
Question: sample10 장비와 eBGP로 연결된 피어들의 IP 주소 목록을 알려주세요.
Final Answer: 죄송하지만, 특정 장비의 IP 주소 목록을 제공할 수 없습니다.
======================================================================

======================================================================
Question: sample7 장비와 eBGP로 연결된 피어들의 IP 주소 목록을 알려주세요.
Final Answer: 정보를 제공할 수 없습니다.
======================================================================

======================================================================
Question: sample8 장비와 eBGP로 연결된 피어들의 IP 주소 목록을 알려주세요.
Final Answer: 죄송하지만, 특정 장비의 IP 주소 목록을 제공할 수 없습니다.
======================================================================

======================================================================
Question: sample9 장비와 eBGP로 연결된 피어들의 IP 주소 목록을 알려주세요.
Final Answer: 죄송하지만, 특정 장비인 sample9의 eBGP 피어 IP 주소 목록을 제공할 수 없습니다.
======================================================================

======================================================================
Question: AS 65000의 iBGP Full-Mesh 구성은 완벽합니까? (True/False)
Final Answer: 1. **Direct Answer:** False. The iBGP Full-Mesh configuration in AS 65000 is not considered perfect or optimal for larger networks due to scalability issues.

2. **Technical Implementation:**
   - In a full-mesh iBGP configuration, every BGP router within the AS must establish a direct BGP session with every other BGP router. This can be implemented using the following commands on Cisco routers:
     ```bash
     router bgp 65000
       neighbor <IP_ADDRESS_1> remote-as 65000
       neighbor <IP_ADDRESS_2> remote-as 65000
       ...
     ```
   - Each router will need to have a BGP session with every other router in the AS. For example, if there are three routers (R1, R2, R3), the configuration would look like:
     - On R1:
       ```bash
       router bgp 65000
         neighbor <R2_IP> remote-as 65000
         neighbor <R3_IP> remote-as 65000
       ```
     - On R2:
       ```bash
       router bgp 65000
         neighbor <R1_IP> remote-as 65000
         neighbor <R3_IP> remote-as 65000
       ```
     - On R3:
       ```bash
       router bgp 65000
         neighbor <R1_IP> remote-as 65000
         neighbor <R2_IP> remote-as 65000
       ```

3. **Considerations:**
   - **Scalability:** As the number of routers increases, the number of BGP sessions grows quadratically (N*(N-1)/2). This can lead to significant management overhead and resource consumption.
   - **Alternative Solutions:** For larger networks, consider using BGP route reflectors or confederations to reduce the number of required iBGP sessions. This can simplify the topology and improve scalability.
   - **Session Stability:** Ensure that the BGP sessions are stable and that proper timers are configured to handle network fluctuations. Use commands like `bgp keepalive` and `bgp hold-time` to fine-tune session parameters.
   - **Loop Prevention:** Remember that iBGP does not propagate routes learned from one iBGP peer to another. Ensure that all routers have a complete view of the network, possibly by implementing route reflectors or using a full-mesh topology only in smaller networks.
   - **Monitoring:** Implement monitoring tools to track BGP session states and route propagation to quickly identify and resolve issues. Use commands like `show ip bgp summary` to check the status of BGP peers.
======================================================================

======================================================================
Question: AS 65001의 iBGP Full-Mesh 구성은 완벽합니까? (True/False)
Final Answer: 1. **Direct Answer:** False. An iBGP Full-Mesh configuration in AS 65001 is not considered perfect or optimal for scalability in larger networks.

2. **Technical Implementation:**
   - In a Full-Mesh iBGP configuration, every router within the AS must establish a direct BGP session with every other router. For example, if there are 4 routers (R1, R2, R3, R4) in AS 65001, the following BGP configurations would be required:
     ```
     Router R1:
     router bgp 65001
       neighbor 192.168.1.2 remote-as 65001
       neighbor 192.168.1.3 remote-as 65001
       neighbor 192.168.1.4 remote-as 65001

     Router R2:
     router bgp 65001
       neighbor 192.168.1.1 remote-as 65001
       neighbor 192.168.1.3 remote-as 65001
       neighbor 192.168.1.4 remote-as 65001

     Router R3:
     router bgp 65001
       neighbor 192.168.1.1 remote-as 65001
       neighbor 192.168.1.2 remote-as 65001
       neighbor 192.168.1.4 remote-as 65001

     Router R4:
     router bgp 65001
       neighbor 192.168.1.1 remote-as 65001
       neighbor 192.168.1.2 remote-as 65001
       neighbor 192.168.1.3 remote-as 65001
     ```
   - This configuration requires \( n(n-1)/2 \) sessions for n routers, leading to scalability issues as the number of routers increases.

3. **Considerations:**
   - **Scalability:** Full-Mesh iBGP does not scale well. As the number of routers increases, the number of required peerings grows quadratically, which can lead to management complexity and increased resource consumption.
   - **Route Reflection:** To mitigate the scalability issue, consider implementing Route Reflectors (RRs) or BGP Confederations. Route Reflectors allow routers to share routes without requiring a full mesh, reducing the number of peerings needed.
   - **Loop Prevention:** Ensure that you configure the BGP `cluster-id` for Route Reflectors to prevent routing loops.
   - **Redundancy and Failover:** Consider redundancy in your iBGP design to ensure that if one router fails, the others can still communicate effectively.
   - **Monitoring and Maintenance:** Regularly monitor BGP sessions and routes to ensure that they are stable and functioning as expected. Use tools like BGP monitoring systems to visualize and manage your BGP topology effectively.
======================================================================

======================================================================
Question: AS 65003의 iBGP Full-Mesh 구성은 완벽합니까? (True/False)
Final Answer: [ANSWER]  
False. AS 65003의 iBGP Full-Mesh 구성은 확장성 측면에서 완벽하지 않습니다.

[TECHNICAL DETAILS]  
iBGP Full-Mesh 구성에서는 자율 시스템(AS) 내의 모든 라우터가 서로 직접 iBGP 세션을 설정해야 합니다. 이 구성은 다음과 같이 구현할 수 있습니다:

- 예를 들어, AS 65003에 R1, R2, R3의 세 개의 라우터가 있다고 가정합니다.
- 각 라우터의 구성은 다음과 같습니다:

**라우터 R1 구성:**
```
router bgp 65003
  neighbor 192.168.1.2 remote-as 65003  ! R2
  neighbor 192.168.1.3 remote-as 65003  ! R3
```

**라우터 R2 구성:**
```
router bgp 65003
  neighbor 192.168.1.1 remote-as 65003  ! R1
  neighbor 192.168.1.3 remote-as 65003  ! R3
```

**라우터 R3 구성:**
```
router bgp 65003
  neighbor 192.168.1.1 remote-as 65003  ! R1
  neighbor 192.168.1.2 remote-as 65003  ! R2
```

이 설정에서는 각 라우터가 AS 내의 다른 모든 라우터와 BGP 세션을 설정하여 풀 메쉬를 형성합니다.

- **확장성**: Full-Mesh 구성은 확장성이 떨어집니다. 라우터 수가 증가함에 따라 필요한 iBGP 세션 수가 기하급수적으로 증가합니다(N*(N-1)/2). 예를 들어, 10개의 라우터가 있을 경우 45개의 세션이 필요합니다.
- **라우트 리플렉터**: 확장성 문제를 완화하기 위해 라우트 리플렉터(RR) 또는 BGP 컨페더레이션을 구현하는 것을 고려하십시오. 라우트 리플렉터는 특정 라우터를 리플렉터로 지정하여 비클라이언트 피어와 경로를 공유할 수 있게 하여 iBGP 세션 수를 줄입니다.
- **루프 방지**: iBGP는 기본적으로 라우팅 루프를 방지하지 않으므로 적절한 루프 방지 메커니즘을 갖추어야 합니다.
- **Keepalive 타이머**: BGP 세션의 안정성을 유지하고 불필요한 플랩을 방지하기 위해 적절한 Keepalive 타이머를 구성하십시오.
- **보안**: 피어 세션에 대한 무단 경로 업데이트를 방지하기 위해 MD5 인증과 같은 BGP 보안 조치를 구현하십시오.

결론적으로, Full-Mesh 구성은 소규모 환경에서는 작동할 수 있지만, 확장성 문제로 인해 대규모 네트워크에는 이상적이지 않으며 효율적인 라우팅을 위해 대안 설계를 고려해야 합니다.
======================================================================

======================================================================
Question: AS 65000의 iBGP Full-Mesh에서 누락된 링크는 총 몇 개입니까?
Final Answer: ### 1. Direct Answer:
In an iBGP full-mesh configuration for AS 65000, the number of missing links can be calculated using the formula for a complete graph, which is \( \frac{n(n-1)}{2} \), where \( n \) is the number of routers. If there are \( n \) routers in AS 65000 and not all routers are interconnected, the number of missing links is the difference between the total possible links and the existing links.

### 2. Technical Implementation:
To determine the number of missing links, follow these steps:

1. **Identify the Number of Routers**: Count the total number of routers (n) in AS 65000.
   
   Example: If there are 5 routers (R1, R2, R3, R4, R5), then \( n = 5 \).

2. **Calculate Total Links**: Use the formula for a complete graph:
   \[
   \text{Total Links} = \frac{n(n-1)}{2} = \frac{5(5-1)}{2} = \frac{5 \times 4}{2} = 10
   \]

3. **Count Existing Links**: Manually check the existing iBGP sessions or use commands to verify the current iBGP peerings.
   
   Example command for Cisco IOS:
   ```bash
   show ip bgp summary
   ```

4. **Calculate Missing Links**: Subtract the number of existing links from the total links calculated:
   \[
   \text{Missing Links} = \text{Total Links} - \text{Existing Links}
   \]

   If you find that there are 7 existing links, then:
   \[
   \text{Missing Links} = 10 - 7 = 3
   \]

### 3. Considerations:
- **Scalability**: As the number of routers increases, the number of required iBGP sessions grows quadratically. This can lead to scalability issues. Consider using route reflectors or confederations to reduce the number of required peerings.
  
- **Redundancy**: Ensure that the iBGP sessions are configured for redundancy. If a router fails, the remaining routers should still be able to communicate.

- **Session Stability**: Monitor the stability of iBGP sessions. If sessions frequently drop, investigate potential issues such as misconfigured timers, network congestion, or hardware limitations.

- **Security Best Practices**: Implement MD5 authentication for iBGP sessions to prevent unauthorized access and ensure the integrity of the routing information exchanged.

- **Documentation**: Keep an updated network diagram and documentation of the iBGP topology to assist in troubleshooting and future expansions.
======================================================================

======================================================================
Question: AS 65001의 iBGP Full-Mesh에서 누락된 링크는 총 몇 개입니까?
Final Answer: ### 1. Direct Answer:
In an iBGP Full-Mesh configuration for AS 65001, the total number of missing links can be calculated using the formula for a complete graph, which is \( \frac{n(n-1)}{2} \), where \( n \) is the number of routers in the iBGP mesh. If you have, for example, 4 routers, the total number of links required would be \( \frac{4(4-1)}{2} = 6 \). If you have fewer than 6 links, the number of missing links would be \( 6 - \text{(current number of links)} \).

### 2. Technical Implementation:
To implement a full-mesh iBGP configuration, follow these steps:

1. **Identify Routers**: Determine the routers that will participate in the iBGP session.
2. **Configure iBGP Peering**: On each router, configure iBGP sessions with every other router in the AS. Here’s an example configuration for three routers (R1, R2, R3):

   **Router R1 Configuration:**
   ```bash
   router bgp 65001
   neighbor 192.168.1.2 remote-as 65001  # R2
   neighbor 192.168.1.3 remote-as 65001  # R3
   ```

   **Router R2 Configuration:**
   ```bash
   router bgp 65001
   neighbor 192.168.1.1 remote-as 65001  # R1
   neighbor 192.168.1.3 remote-as 65001  # R3
   ```

   **Router R3 Configuration:**
   ```bash
   router bgp 65001
   neighbor 192.168.1.1 remote-as 65001  # R1
   neighbor 192.168.1.2 remote-as 65001  # R2
   ```

3. **Verify iBGP Sessions**: Use the following command to verify that all iBGP sessions are established:
   ```bash
   show ip bgp summary
   ```

4. **Check Missing Links**: If you suspect missing links, compare the output of `show ip bgp summary` with the expected number of peers based on the formula provided above.

### 3. Considerations:
- **Scalability**: As the number of routers increases, the number of required iBGP sessions grows quadratically, which can lead to scalability issues. Consider using Route Reflectors or Confederations to reduce the number of required iBGP sessions.
- **Loop Prevention**: Ensure that all routers have unique router IDs and that you are aware of the implications of iBGP split-horizon rules.
- **Network Stability**: Ensure that all links are stable and that the routers are properly configured to handle BGP updates without excessive CPU or memory usage.
- **Security**: Implement BGP session protection mechanisms, such as MD5 authentication, to prevent unauthorized access to your iBGP sessions.

By following these guidelines, you can effectively manage an iBGP Full-Mesh configuration and identify any missing links within your network.
======================================================================

======================================================================
Question: AS 65003의 iBGP Full-Mesh에서 누락된 링크는 총 몇 개입니까?
Final Answer: ### 1. Direct Answer:
In an iBGP Full-Mesh configuration for AS 65003, the number of missing links can be calculated using the formula for a fully meshed network, which is \( n(n-1)/2 \), where \( n \) is the number of routers. If you have, for example, 4 routers, the total number of links required for a full mesh would be \( 4(4-1)/2 = 6 \). If you have fewer than 6 links configured, the difference will indicate how many links are missing.

### 2. Technical Implementation:
To determine the number of missing links in an iBGP Full-Mesh, follow these steps:

1. **Identify the Routers in AS 65003**:
   Use the command to show the BGP neighbors and count the number of routers:
   ```bash
   show ip bgp summary
   ```

2. **Calculate the Total Required Links**:
   If you have \( n \) routers, calculate the required links:
   \[
   \text{Total Links Required} = \frac{n(n-1)}{2}
   \]
   For instance, if you have 4 routers:
   \[
   \text{Total Links Required} = \frac{4(4-1)}{2} = 6
   \]

3. **Count the Existing Links**:
   From the output of the `show ip bgp summary`, count the number of established iBGP sessions. Each session represents a link.

4. **Calculate Missing Links**:
   Subtract the number of existing links from the total required links:
   \[
   \text{Missing Links} = \text{Total Links Required} - \text{Existing Links}
   \]

### 3. Considerations:
- **Scalability**: As the number of routers increases, the number of required links grows quadratically. For large networks, consider using Route Reflectors or Confederations to reduce the need for a full mesh.
  
- **Router Performance**: Ensure that each router can handle the BGP sessions and the associated memory and CPU load. A full mesh can lead to increased resource consumption.

- **Redundancy and Failover**: Implement redundancy in your iBGP design to ensure that if one link fails, others can take over. This can be done by having multiple links between routers or using diverse paths.

- **Monitoring and Maintenance**: Regularly monitor the BGP sessions to ensure they are up and functioning correctly. Use commands like `show ip bgp neighbors` to check the status of each session.

- **Documentation**: Keep detailed documentation of your network topology and configurations to facilitate troubleshooting and future expansions.

By following these guidelines, you can effectively manage your iBGP Full-Mesh configuration and address any missing links.
======================================================================

======================================================================
Question: sample10 장비와 iBGP로 연결된 피어들의 IP 주소 목록을 알려주세요.
Final Answer: 죄송하지만, 특정 장비의 iBGP 피어 IP 주소 목록을 제공할 수 없습니다.
======================================================================

======================================================================
Question: sample7 장비와 iBGP로 연결된 피어들의 IP 주소 목록을 알려주세요.
Final Answer: 죄송하지만, 특정 장비의 iBGP 피어 IP 주소 목록을 제공할 수 없습니다.
======================================================================

======================================================================
Question: sample8 장비와 iBGP로 연결된 피어들의 IP 주소 목록을 알려주세요.
Final Answer: 죄송하지만, 특정 장비의 iBGP 피어 IP 주소 목록을 제공할 수 없습니다.
======================================================================

======================================================================
Question: sample9 장비와 iBGP로 연결된 피어들의 IP 주소 목록을 알려주세요.
Final Answer: 죄송하지만, 특정 장비(sample9)와 연결된 iBGP 피어들의 IP 주소 목록은 제공할 수 없습니다.
======================================================================

======================================================================
Question: CE1 장비와 eBGP로 연결된 피어들의 IP 주소 목록을 알려주세요.
Final Answer: 정보 없음
======================================================================

======================================================================
Question: CE2 장비와 eBGP로 연결된 피어들의 IP 주소 목록을 알려주세요.
Final Answer: PE1, PE2, PE3
======================================================================

======================================================================
Question: sample10 장비와 eBGP로 연결된 피어들의 IP 주소 목록을 알려주세요.
Final Answer: 죄송하지만, 특정 장비인 sample10의 eBGP 피어 IP 주소 목록을 제공할 수 없습니다.
======================================================================

======================================================================
Question: sample7 장비와 eBGP로 연결된 피어들의 IP 주소 목록을 알려주세요.
Final Answer: 죄송하지만, 특정 장비인 sample7의 eBGP 피어 IP 주소 목록은 제공할 수 없습니다.
======================================================================

======================================================================
Question: sample8 장비와 eBGP로 연결된 피어들의 IP 주소 목록을 알려주세요.
Final Answer: 죄송하지만, 특정 장비의 IP 주소 목록을 제공할 수 없습니다.
======================================================================

======================================================================
Question: sample9 장비와 eBGP로 연결된 피어들의 IP 주소 목록을 알려주세요.
Final Answer: 죄송하지만, 특정 장비(sample9)와 연결된 eBGP 피어들의 IP 주소 목록을 제공할 수 없습니다.
======================================================================

======================================================================
Question: AS 65000의 iBGP Full-Mesh 구성은 완벽합니까? (True/False)
Final Answer: 1. **Direct Answer**: False. An iBGP Full-Mesh configuration in AS 65000 is not considered perfect or optimal for scalability, especially in larger networks.

2. **Technical Implementation**: 
   - In a Full-Mesh iBGP configuration, each BGP router must establish a direct BGP session with every other BGP router in the same AS. For example, if there are four routers (R1, R2, R3, R4) in AS 65000, the following BGP configuration would be required on each router:

   **Router R1 Configuration:**
   ```bash
   router bgp 65000
     neighbor 192.168.1.2 remote-as 65000  # R2
     neighbor 192.168.1.3 remote-as 65000  # R3
     neighbor 192.168.1.4 remote-as 65000  # R4
   ```

   **Router R2 Configuration:**
   ```bash
   router bgp 65000
     neighbor 192.168.1.1 remote-as 65000  # R1
     neighbor 192.168.1.3 remote-as 65000  # R3
     neighbor 192.168.1.4 remote-as 65000  # R4
   ```

   **Router R3 Configuration:**
   ```bash
   router bgp 65000
     neighbor 192.168.1.1 remote-as 65000  # R1
     neighbor 192.168.1.2 remote-as 65000  # R2
     neighbor 192.168.1.4 remote-as 65000  # R4
   ```

   **Router R4 Configuration:**
   ```bash
   router bgp 65000
     neighbor 192.168.1.1 remote-as 65000  # R1
     neighbor 192.168.1.2 remote-as 65000  # R2
     neighbor 192.168.1.3 remote-as 65000  # R3
   ```

   - This results in a total of \( n(n-1)/2 \) sessions, where \( n \) is the number of routers. For 4 routers, this results in 6 BGP sessions.

3. **Considerations**:
   - **Scalability**: As the number of routers increases, the number of required iBGP sessions grows exponentially, leading to management complexity and increased resource consumption on routers.
   - **Route Reflection**: To mitigate the scalability issue, consider using Route Reflectors (RR) or BGP Confederations. Route Reflectors allow routers to share routes without requiring a full mesh, reducing the number of required peerings.
   - **Loop Prevention**: Ensure that the BGP loop prevention mechanism is in place. iBGP does not propagate routes learned from one iBGP peer to another, which is crucial for preventing routing loops.
   - **Network Design**: Evaluate the network topology and traffic patterns to determine if a full-mesh configuration is necessary or if alternatives like Route Reflectors can provide a more efficient solution.
   - **Monitoring and Maintenance**: Regularly monitor BGP sessions and route advertisements to ensure optimal performance and troubleshoot any connectivity issues promptly.
======================================================================

======================================================================
Question: AS 65001의 iBGP Full-Mesh 구성은 완벽합니까? (True/False)
Final Answer: 1. **Direct Answer**: False. A full-mesh iBGP configuration in AS 65001 is not considered perfect or scalable for larger networks.

2. **Technical Implementation**: 
   - In a full-mesh iBGP configuration, every BGP router within the AS must establish a direct BGP session with every other BGP router. This can be implemented using the following steps:
     - Assume we have three routers: R1, R2, and R3.
     - On each router, you would configure the BGP process and establish peerings as follows:

     **Router R1 Configuration:**
     ```
     router bgp 65001
       neighbor 192.168.1.2 remote-as 65001  # R2
       neighbor 192.168.1.3 remote-as 65001  # R3
     ```

     **Router R2 Configuration:**
     ```
     router bgp 65001
       neighbor 192.168.1.1 remote-as 65001  # R1
       neighbor 192.168.1.3 remote-as 65001  # R3
     ```

     **Router R3 Configuration:**
     ```
     router bgp 65001
       neighbor 192.168.1.1 remote-as 65001  # R1
       neighbor 192.168.1.2 remote-as 65001  # R2
     ```

   - This configuration ensures that each router has a direct BGP session with every other router in the AS.

3. **Considerations**:
   - **Scalability**: The full-mesh requirement leads to an exponential increase in the number of BGP sessions as the number of routers increases. The number of sessions required is calculated as \(N(N-1)/2\), where N is the number of routers. For example, with 10 routers, you would need 45 sessions, which can become unmanageable.
   - **Resource Utilization**: Each BGP session consumes CPU and memory resources. As the number of sessions increases, routers may experience performance degradation.
   - **Alternative Solutions**: To mitigate the scalability issue, consider using route reflectors or confederations. Route reflectors allow a router to reflect routes to other routers without requiring a full mesh, significantly reducing the number of required BGP sessions.
   - **Best Practices**: Always monitor BGP session states and ensure proper route filtering to prevent routing loops. Implementing route maps and prefix lists can help manage the routes exchanged between peers effectively.
======================================================================

======================================================================
Question: AS 65003의 iBGP Full-Mesh 구성은 완벽합니까? (True/False)
Final Answer: 1. **Direct Answer**: False. AS 65003's iBGP Full-Mesh configuration is not perfect due to scalability issues and potential inefficiencies as the number of routers increases.

2. **Technical Implementation**: 
   In a typical iBGP Full-Mesh configuration, every BGP router within the same Autonomous System (AS) must establish a direct BGP session with every other router. This can be implemented using the following steps:

   - **Router Configuration**: Each router in AS 65003 must configure BGP and establish peerings with all other routers. For example, if you have three routers (R1, R2, R3), the configuration on R1 would look like this:

     ```bash
     router bgp 65003
       neighbor 192.168.1.2 remote-as 65003  # R2
       neighbor 192.168.1.3 remote-as 65003  # R3
     ```

     Similarly, R2 and R3 would have their respective configurations to peer with R1 and each other.

   - **Full-Mesh Requirement**: For a network with N routers, the number of peer connections required is N*(N-1)/2. For example, with 4 routers, you would need 6 peer connections.

3. **Considerations**:
   - **Scalability**: As the number of routers increases, the number of required peer connections grows quadratically, leading to management complexity and increased CPU/memory usage on routers.
   - **Route Reflectors**: To mitigate the scalability issue, consider implementing Route Reflectors (RR) or BGP Confederations. This allows routers to share routing information without requiring a full mesh. For example, configuring a Route Reflector can be done as follows:

     ```bash
     router bgp 65003
       bgp cluster-id 1
       neighbor 192.168.1.2 route-reflector-client  # R2
       neighbor 192.168.1.3 route-reflector-client  # R3
     ```

   - **Loop Prevention**: Ensure that the BGP configuration includes proper loop prevention mechanisms, such as using the `next-hop-self` command when necessary, to avoid routing loops in complex topologies.
   - **Monitoring and Maintenance**: Regularly monitor BGP sessions and routing tables to ensure stability and performance. Use commands like `show ip bgp summary` and `show ip bgp` to check the status of BGP peerings and routes.

In summary, while a full-mesh configuration is straightforward, it is not optimal for larger networks, and alternative designs should be considered to enhance scalability and efficiency.
======================================================================

======================================================================
Question: AS 65000의 iBGP Full-Mesh에서 누락된 링크는 총 몇 개입니까?
Final Answer: [ANSWER]  
AS 65000의 iBGP Full-Mesh에서 누락된 링크의 수는 전체 링크 수에서 현재 존재하는 링크 수를 빼서 계산할 수 있습니다.

[TECHNICAL DETAILS]  
1. **라우터 수(n) 결정**:  
   - AS 65000에서 iBGP에 구성된 라우터의 수를 확인합니다. 예를 들어, 5개의 라우터가 있다면 \( n = 5 \)입니다.

2. **필요한 총 링크 수 계산**:  
   - 전체 링크 수는 다음 공식을 사용하여 계산합니다:  
     \[
     \text{총 링크} = \frac{n(n-1)}{2}
     \]  
   - \( n = 5 \)일 경우:  
     \[
     \text{총 링크} = \frac{5(5-1)}{2} = \frac{5 \times 4}{2} = 10
     \]

3. **현재 링크 수 세기**:  
   - 각 라우터의 현재 iBGP 구성에서 피어링을 확인하여 현재의 세션 수를 셉니다. 예를 들어, 다음 명령어를 사용할 수 있습니다:  
     ```bash
     show ip bgp summary
     ```  
   - 이 명령어는 BGP 피어링과 상태를 표시합니다. 설정된 세션 수를 계산합니다.

4. **누락된 링크 계산**:  
   - 총 링크 수에서 현재 존재하는 링크 수를 빼서 누락된 링크 수를 계산합니다:  
     \[
     \text{누락된 링크} = \text{총 링크} - \text{현재 링크}
     \]  
   - 예를 들어, 현재 7개의 링크가 있다면:  
     \[
     \text{누락된 링크} = 10 - 7 = 3
     \]

5. **고려사항**:  
   - **확장성**: 라우터 수가 증가함에 따라 필요한 링크 수가 기하급수적으로 증가합니다. 더 큰 네트워크에서는 라우트 리플렉터나 컨페더레이션을 사용하여 전체 메시의 필요성을 줄이는 것을 고려하십시오.
  
   - **중복성**: 단일 실패 지점을 피하기 위해 iBGP 피어링에 중복성을 보장해야 합니다. 이는 라우터 간에 여러 피어링을 구성하는 것을 포함할 수 있습니다.

   - **모니터링**: `show ip bgp summary`와 같은 명령어를 사용하여 BGP 세션을 정기적으로 모니터링하여 모든 의도된 피어링이 활성화되고 작동하는지 확인합니다.

   - **보안 모범 사례**: BGP 세션에 대한 MD5 인증 및 경로 필터링과 같은 BGP 보안 조치를 구현하여 경로 탈취를 방지합니다.

   - **문서화**: iBGP 구성, 피어링 및 변경 사항에 대한 철저한 문서를 유지하여 문제 해결 및 향후 네트워크 확장을 용이하게 합니다.
======================================================================

======================================================================
Question: AS 65001의 iBGP Full-Mesh에서 누락된 링크는 총 몇 개입니까?
Final Answer: ### 1. Direct Answer:
In an iBGP Full-Mesh configuration for AS 65001, the number of missing links can be calculated using the formula for a fully meshed network: \( \frac{n(n-1)}{2} \), where \( n \) is the number of routers. If you have \( n \) routers, the total number of links required for a full mesh is \( \frac{n(n-1)}{2} \). If any links are missing, the number of missing links would be the difference between the required links and the existing links.

### 2. Technical Implementation:
To determine the number of missing links in an iBGP Full-Mesh setup, follow these steps:

1. **Identify the Number of Routers**: Count the number of routers participating in iBGP within AS 65001. Let’s assume there are \( n \) routers.

2. **Calculate Required Links**: Use the formula:
   \[
   \text{Required Links} = \frac{n(n-1)}{2}
   \]
   For example, if there are 5 routers:
   \[
   \text{Required Links} = \frac{5(5-1)}{2} = 10
   \]

3. **Check Existing Links**: Use the command to check the existing iBGP peerings on each router. For Cisco devices, you can use:
   ```bash
   show ip bgp summary
   ```
   This command will show you the number of established iBGP sessions.

4. **Calculate Missing Links**: Subtract the number of existing links from the required links:
   \[
   \text{Missing Links} = \text{Required Links} - \text{Existing Links}
   \]
   If there are 7 existing links, then:
   \[
   \text{Missing Links} = 10 - 7 = 3
   \]

### 3. Considerations:
- **Scalability**: As the number of routers increases, the number of required links grows quadratically. For large networks, consider using Route Reflectors or Confederations to reduce the need for a full mesh.
  
- **Redundancy**: Ensure that redundancy is built into the iBGP configuration to prevent single points of failure. This can be achieved by having multiple links between routers or using diverse paths.

- **Configuration Consistency**: Verify that all routers have consistent iBGP configurations. Mismatched configurations can lead to missing links and routing issues.

- **Monitoring**: Regularly monitor the iBGP sessions and link status using SNMP or network monitoring tools to quickly identify and resolve any issues with missing links.

- **Documentation**: Keep thorough documentation of the network topology and configurations to assist in troubleshooting and future expansions.

By following these steps and considerations, you can effectively manage and troubleshoot your iBGP Full-Mesh configuration in AS 65001.
======================================================================

======================================================================
Question: AS 65003의 iBGP Full-Mesh에서 누락된 링크는 총 몇 개입니까?
Final Answer: ### 1. Direct Answer:
In an iBGP (Internal Border Gateway Protocol) Full-Mesh configuration for AS 65003, the number of missing links can be calculated based on the formula for a full mesh, which is \( \frac{n(n-1)}{2} \), where \( n \) is the number of routers in the AS. If there are \( n \) routers and the total number of links required for a full mesh is \( \frac{n(n-1)}{2} \), then the number of missing links can be determined by subtracting the existing links from this total.

### 2. Technical Implementation:
To determine the number of missing links, follow these steps:

1. **Identify the Number of Routers (n)**:
   - Count the number of routers configured for iBGP in AS 65003. For example, if there are 5 routers (R1, R2, R3, R4, R5), then \( n = 5 \).

2. **Calculate the Total Links Required for Full-Mesh**:
   - Use the formula: 
     \[
     \text{Total Links} = \frac{n(n-1)}{2} = \frac{5(5-1)}{2} = 10
     \]

3. **Count Existing Links**:
   - Check the existing iBGP peerings. This can be done using the command:
     ```bash
     show ip bgp summary
     ```
   - Count the number of established iBGP sessions. For example, if you find that there are 7 established sessions, then you have 7 existing links.

4. **Calculate Missing Links**:
   - Subtract the existing links from the total required links:
     \[
     \text{Missing Links} = \text{Total Links} - \text{Existing Links} = 10 - 7 = 3
     \]

### 3. Considerations:
- **Scalability**: As the number of routers increases, the number of required links grows quadratically, which can lead to scalability issues. Consider using route reflectors or confederations to reduce the number of iBGP sessions needed.
  
- **Redundancy**: Ensure that the iBGP sessions are configured for redundancy. If a router goes down, the remaining routers should still be able to communicate.

- **Session Stability**: Monitor the stability of iBGP sessions using commands like:
  ```bash
  show ip bgp neighbors
  ```
  This helps identify any issues with session establishment or flapping.

- **Security**: Implement proper security measures, such as MD5 authentication for iBGP sessions, to prevent unauthorized access:
  ```bash
  neighbor <peer-ip> password <your-password>
  ```

- **Documentation**: Keep documentation of the iBGP topology and configurations updated to facilitate troubleshooting and future scalability planning.

By following these steps and considerations, you can effectively manage the iBGP Full-Mesh configuration in AS 65003 and address any missing links.
======================================================================

======================================================================
Question: sample10 장비와 iBGP로 연결된 피어들의 IP 주소 목록을 알려주세요.
Final Answer: 죄송하지만, 특정 장비의 iBGP 피어 IP 주소 목록을 제공할 수 없습니다.
======================================================================

======================================================================
Question: sample7 장비와 iBGP로 연결된 피어들의 IP 주소 목록을 알려주세요.
Final Answer: 죄송하지만, 특정 장비의 iBGP 피어 IP 주소 목록을 제공할 수 없습니다.
======================================================================

======================================================================
Question: sample8 장비와 iBGP로 연결된 피어들의 IP 주소 목록을 알려주세요.
Final Answer: 죄송하지만, 특정 장비나 네트워크 구성에 대한 정보를 제공할 수 없습니다.
======================================================================

======================================================================
Question: sample9 장비와 iBGP로 연결된 피어들의 IP 주소 목록을 알려주세요.
Final Answer: 죄송하지만, 특정 장비(sample9)와 연결된 iBGP 피어들의 IP 주소 목록을 제공할 수 없습니다.
======================================================================

======================================================================
Question: CE1 장비와 eBGP로 연결된 피어들의 IP 주소 목록을 알려주세요.
Final Answer: 정보 없음
======================================================================

======================================================================
Question: CE2 장비와 eBGP로 연결된 피어들의 IP 주소 목록을 알려주세요.
Final Answer: 정보 없음
======================================================================

======================================================================
Question: sample10 장비와 eBGP로 연결된 피어들의 IP 주소 목록을 알려주세요.
Final Answer: 죄송하지만, 특정 장비의 IP 주소 목록을 제공할 수 없습니다.
======================================================================

======================================================================
Question: sample7 장비와 eBGP로 연결된 피어들의 IP 주소 목록을 알려주세요.
Final Answer: 죄송하지만, 특정 장비의 피어 IP 주소 목록을 제공할 수 없습니다.
======================================================================

======================================================================
Question: sample8 장비와 eBGP로 연결된 피어들의 IP 주소 목록을 알려주세요.
Final Answer: 죄송하지만, 특정 장비(sample8)와 연결된 eBGP 피어들의 IP 주소 목록은 제공할 수 없습니다.
======================================================================

======================================================================
Question: sample9 장비와 eBGP로 연결된 피어들의 IP 주소 목록을 알려주세요.
Final Answer: 죄송하지만, 특정 장비인 sample9의 eBGP 피어 IP 주소 목록을 제공할 수 없습니다.
======================================================================

======================================================================
Question: AS 65000의 iBGP Full-Mesh 구성은 완벽합니까? (True/False)
Final Answer: 1. **Direct Answer:** False. An iBGP Full-Mesh configuration is not considered perfect or optimal for larger Autonomous Systems (AS) like AS 65000 due to scalability issues.

2. **Technical Implementation:**
   - In a Full-Mesh iBGP configuration, every BGP router within the AS must establish a direct BGP session with every other BGP router. This can be implemented using the following steps:
     - Ensure that all routers are configured with the same AS number (e.g., AS 65000).
     - Configure BGP on each router:
       ```bash
       router bgp 65000
       neighbor <IP_ADDRESS> remote-as 65000
       ```
     - Repeat the above command for each neighbor in the AS.
     - Example for three routers (R1, R2, R3):
       - On R1:
         ```bash
         router bgp 65000
         neighbor 192.168.1.2 remote-as 65000
         neighbor 192.168.1.3 remote-as 65000
         ```
       - On R2:
         ```bash
         router bgp 65000
         neighbor 192.168.1.1 remote-as 65000
         neighbor 192.168.1.3 remote-as 65000
         ```
       - On R3:
         ```bash
         router bgp 65000
         neighbor 192.168.1.1 remote-as 65000
         neighbor 192.168.1.2 remote-as 65000
         ```

3. **Considerations:**
   - **Scalability:** As the number of routers increases, the number of required BGP sessions grows exponentially (n(n-1)/2). For example, with 10 routers, there would be 45 sessions, which can become unmanageable.
   - **Resource Utilization:** Each BGP session consumes CPU and memory resources. A full-mesh can lead to high resource utilization on routers, potentially affecting performance.
   - **Alternative Solutions:** To address scalability issues, consider using Route Reflectors (RR) or BGP Confederations. Route Reflectors allow for a more scalable design by reducing the number of required peerings. For instance:
     - Configure a Route Reflector:
       ```bash
       router bgp 65000
       bgp cluster-id 1
       neighbor <client_IP> remote-as 65000
       neighbor <client_IP> route-reflector-client
       ```
   - **Redundancy and Failover:** Ensure that redundancy is built into the design, possibly by using multiple route reflectors or additional redundancy protocols (like HSRP or VRRP) for the routers themselves.
   - **Monitoring and Management:** Implement monitoring tools to keep track of BGP sessions and overall network health, ensuring that any issues can be quickly identified and resolved.
======================================================================

======================================================================
Question: AS 65001의 iBGP Full-Mesh 구성은 완벽합니까? (True/False)
Final Answer: 1. **Direct Answer**: False. An iBGP full-mesh configuration is not considered a perfect solution for scalability and efficiency in larger networks.

2. **Technical Implementation**: 
   - In a full-mesh iBGP configuration, every BGP router within the AS must establish a direct BGP session with every other BGP router. This can be implemented using the following commands on Cisco routers:

     ```bash
     router bgp 65001
     neighbor <IP_of_neighbor_1> remote-as 65001
     neighbor <IP_of_neighbor_1> update-source <interface>
     neighbor <IP_of_neighbor_2> remote-as 65001
     neighbor <IP_of_neighbor_2> update-source <interface>
     ...
     ```

   - For example, if you have three routers (R1, R2, R3) in AS 65001, you would configure them as follows:

     On R1:
     ```bash
     router bgp 65001
     neighbor 192.168.1.2 remote-as 65001
     neighbor 192.168.1.3 remote-as 65001
     ```

     On R2:
     ```bash
     router bgp 65001
     neighbor 192.168.1.1 remote-as 65001
     neighbor 192.168.1.3 remote-as 65001
     ```

     On R3:
     ```bash
     router bgp 65001
     neighbor 192.168.1.1 remote-as 65001
     neighbor 192.168.1.2 remote-as 65001
     ```

3. **Considerations**: 
   - **Scalability**: As the number of routers increases, the number of BGP sessions grows quadratically (n(n-1)/2), which can lead to significant management overhead and resource consumption.
   - **Route Reflection**: To address scalability issues, consider implementing route reflectors (RR) or confederations. Route reflectors allow you to reduce the number of iBGP sessions required by allowing certain routers to reflect routes to others, thus breaking the full-mesh requirement.
   - **Best Practices**: Always ensure proper route filtering and policies are in place to prevent routing loops and ensure optimal path selection. Additionally, monitor BGP sessions and performance to quickly identify and troubleshoot issues.
======================================================================

======================================================================
Question: AS 65003의 iBGP Full-Mesh 구성은 완벽합니까? (True/False)
Final Answer: [ANSWER]  
거짓입니다. AS 65003의 iBGP Full-Mesh 구성은 확장성과 관리 측면에서 최적이라고 할 수 없습니다.

[TECHNICAL DETAILS]  
- **iBGP Full-Mesh 구성 설명:**  
  iBGP Full-Mesh 설정에서는 자율 시스템(AS) 내의 모든 BGP 라우터가 서로 직접 BGP 세션을 설정해야 합니다. 예를 들어, AS 65003에 4개의 라우터(R1, R2, R3, R4)가 있을 경우, 다음과 같은 BGP 세션을 구성해야 합니다:
  - R1 <-> R2
  - R1 <-> R3
  - R1 <-> R4
  - R2 <-> R3
  - R2 <-> R4
  - R3 <-> R4

- **라우터 구성 예시 (R1의 경우):**
  ```bash
  router bgp 65003
    neighbor 192.168.1.2 remote-as 65003  # R2
    neighbor 192.168.1.3 remote-as 65003  # R3
    neighbor 192.168.1.4 remote-as 65003  # R4
  ```

- **세션 수 계산:**  
  n개의 라우터가 있을 경우 필요한 BGP 세션 수는 \( n(n-1)/2 \)로 계산됩니다. 예를 들어, 4개의 라우터가 있을 경우 6개의 세션이 필요합니다.

- **확장성 문제:**  
  라우터 수가 증가함에 따라 BGP 세션 수가 기하급수적으로 증가하여 관리가 어려워집니다. 예를 들어, 10개의 라우터가 있을 경우 45개의 세션이 필요합니다.

- **자원 활용:**  
  각 BGP 세션은 라우터의 CPU 및 메모리 자원을 소모합니다. 세션 수가 많아지면 성능 저하가 발생할 수 있습니다.

- **대안:**  
  Full-Mesh 요구 사항을 피하기 위해 Route Reflectors(RR) 또는 BGP Confederations를 구현하는 것을 고려하십시오. Route Reflectors는 한 라우터가 다른 라우터에 경로를 반영할 수 있게 하여 필요한 세션 수를 줄입니다.

- **보안 고려사항:**  
  BGP 구성은 라우터 간에 일관되게 유지하고, 라우팅 루프를 방지하며 최적의 경로 선택을 보장하기 위해 적절한 경로 필터링 및 정책을 설정해야 합니다. BGP 세션 및 성능 지표를 정기적으로 모니터링하여 네트워크 건강을 유지하는 것이 좋습니다.
======================================================================

======================================================================
Question: AS 65000의 iBGP Full-Mesh에서 누락된 링크는 총 몇 개입니까?
Final Answer: [ANSWER]  
AS 65000의 iBGP Full-Mesh에서 누락된 링크의 수는 현재 활성 링크 수에 따라 달라집니다. 전체 링크 수는 \( n(n-1)/2 \)로 계산되며, 현재 활성 링크 수를 빼면 누락된 링크 수를 알 수 있습니다.

[TECHNICAL DETAILS]  
1. **라우터 수 확인**: AS 65000에 있는 라우터의 수를 세어야 합니다. 예를 들어, 5개의 라우터(R1, R2, R3, R4, R5)가 있다고 가정합니다.
   - \( n = 5 \)

2. **전체 링크 수 계산**: 전체 링크 수는 다음 공식을 사용하여 계산합니다:
   \[
   \text{전체 링크 수} = \frac{n(n-1)}{2}
   \]
   - 5개의 라우터에 대해:
   \[
   \text{전체 링크 수} = \frac{5(5-1)}{2} = \frac{5 \times 4}{2} = 10
   \]

3. **현재 활성 링크 수 세기**: 현재 iBGP 피어링을 확인하기 위해 다음 명령어를 사용합니다:
   ```bash
   show ip bgp summary
   ```
   - 이 명령어는 모든 BGP 피어와 그 상태를 나열합니다. 설정된 iBGP 세션의 수를 세십시오.

4. **누락된 링크 수 계산**: 전체 링크 수에서 설정된 링크 수를 빼서 누락된 링크 수를 계산합니다:
   \[
   \text{누락된 링크 수} = \text{전체 링크 수} - \text{설정된 링크 수}
   \]
   - 예를 들어, 현재 7개의 설정된 링크가 있다면:
   \[
   \text{누락된 링크 수} = 10 - 7 = 3
   \]

5. **확장성 고려사항**: 라우터 수가 증가함에 따라 필요한 iBGP 세션 수가 기하급수적으로 증가합니다. 라우트 리플렉터나 컨페더레이션을 사용하여 필요한 피어링 수를 줄이는 것을 고려하십시오.

6. **라우트 리플렉터**: 라우트 리플렉터를 구현하면 필요한 iBGP 세션 수를 크게 줄일 수 있습니다. 이는 전체 메시가 비현실적인 대규모 네트워크에서 유용합니다.

7. **중복성**: 중요한 링크는 단일 실패 지점을 방지하기 위해 중복성을 확보해야 합니다. 이는 라우터 간에 여러 iBGP 세션을 설정하여 달성할 수 있습니다.

8. **모니터링 및 유지보수**: BGP 세션이 정상적으로 작동하는지 정기적으로 모니터링하십시오. SNMP 또는 네트워크 모니터링 도구를 사용하여 세션 실패에 대한 경고를 설정할 수 있습니다.

9. **보안 모범 사례**: BGP 세션 보안 조치를 구현하여 무단 접근 및 라우트 하이재킹으로부터 보호하십시오. MD5 인증을 사용하는 것이 좋습니다.

이러한 단계와 고려사항을 따르면 네트워크에서 iBGP Full-Mesh 구성을 효과적으로 관리하고 문제를 해결할 수 있습니다.
======================================================================

